<?xml version="1.0" encoding="UTF-8"?>
<testsuite xmlns:xsi="http://www.w3.org/2001/XMLSchema-instance" xsi:noNamespaceSchemaLocation="https://maven.apache.org/surefire/maven-surefire-plugin/xsd/surefire-test-report-3.0.xsd" version="3.0" name="UserServiceTest" time="1.418" tests="6" errors="0" skipped="0" failures="0">
  <properties>
[...]
</properties>
  <testcase name="saveUser" classname="UserServiceTest" time="1.204">
    <system-out><![CDATA[Hibernate: 
    DROP TABLE IF EXISTS users
Hibernate: 
    CREATE TABLE IF NOT EXISTS users (id BIGINT NOT NULL AUTO_INCREMENT, name VARCHAR(255), lastName VARCHAR(255), age TINYINT, PRIMARY KEY (id))
Hibernate: 
    insert 
    into
        users
        (age, lastName, name) 
    values
        (?, ?, ?)
User с именем Ivan добавлен в базу данных
Hibernate: 
    select
        user0_.id as id1_0_,
        user0_.age as age2_0_,
        user0_.lastName as lastname3_0_,
        user0_.name as name4_0_ 
    from
        users user0_
]]></system-out>
    <system-err><![CDATA[июл. 10, 2025 7:17:44 AM org.hibernate.Version logVersion
INFO: HHH000412: Hibernate ORM core version 5.6.14.Final
июл. 10, 2025 7:17:44 AM org.hibernate.annotations.common.reflection.java.JavaReflectionManager <clinit>
INFO: HCANN000001: Hibernate Commons Annotations {5.1.2.Final}
июл. 10, 2025 7:17:44 AM org.hibernate.engine.jdbc.connections.internal.DriverManagerConnectionProviderImpl configure
WARN: HHH10001002: Using Hibernate built-in connection pool (not for production use!)
июл. 10, 2025 7:17:44 AM org.hibernate.engine.jdbc.connections.internal.DriverManagerConnectionProviderImpl buildCreator
INFO: HHH10001005: using driver [com.mysql.cj.jdbc.Driver] at URL [jdbc:mysql://localhost:3306/admin?useSSL=false&serverTimezone=UTC]
июл. 10, 2025 7:17:44 AM org.hibernate.engine.jdbc.connections.internal.DriverManagerConnectionProviderImpl buildCreator
INFO: HHH10001001: Connection properties: {password=****, user=admin}
июл. 10, 2025 7:17:44 AM org.hibernate.engine.jdbc.connections.internal.DriverManagerConnectionProviderImpl buildCreator
INFO: HHH10001003: Autocommit mode: false
июл. 10, 2025 7:17:44 AM org.hibernate.engine.jdbc.connections.internal.DriverManagerConnectionProviderImpl$PooledConnections <init>
INFO: HHH000115: Hibernate connection pool size: 20 (min=1)
июл. 10, 2025 7:17:44 AM org.hibernate.dialect.Dialect <init>
INFO: HHH000400: Using dialect: org.hibernate.dialect.MySQL5Dialect
июл. 10, 2025 7:17:45 AM org.hibernate.resource.transaction.backend.jdbc.internal.DdlTransactionIsolatorNonJtaImpl getIsolatedConnection
INFO: HHH10001501: Connection obtained from JdbcConnectionAccess [org.hibernate.engine.jdbc.env.internal.JdbcEnvironmentInitiator$ConnectionProviderJdbcConnectionAccess@4d8286c4] for (non-JTA) DDL execution was not in auto-commit mode; the Connection 'local transaction' will be committed and the Connection will be set into auto-commit mode.
июл. 10, 2025 7:17:45 AM org.hibernate.engine.transaction.jta.platform.internal.JtaPlatformInitiator initiateService
INFO: HHH000490: Using JtaPlatform implementation: [org.hibernate.engine.transaction.jta.platform.internal.NoJtaPlatform]
]]></system-err>
  </testcase>
  <testcase name="removeUserById" classname="UserServiceTest" time="0.054">
    <system-out><![CDATA[Hibernate: 
    DROP TABLE IF EXISTS users
Hibernate: 
    CREATE TABLE IF NOT EXISTS users (id BIGINT NOT NULL AUTO_INCREMENT, name VARCHAR(255), lastName VARCHAR(255), age TINYINT, PRIMARY KEY (id))
Hibernate: 
    insert 
    into
        users
        (age, lastName, name) 
    values
        (?, ?, ?)
User с именем Ivan добавлен в базу данных
Hibernate: 
    select
        user0_.id as id1_0_0_,
        user0_.age as age2_0_0_,
        user0_.lastName as lastname3_0_0_,
        user0_.name as name4_0_0_ 
    from
        users user0_ 
    where
        user0_.id=?
User с id 1 удалён
Hibernate: 
    delete 
    from
        users 
    where
        id=?
]]></system-out>
  </testcase>
  <testcase name="getAllUsers" classname="UserServiceTest" time="0.036">
    <system-out><![CDATA[Hibernate: 
    DROP TABLE IF EXISTS users
Hibernate: 
    CREATE TABLE IF NOT EXISTS users (id BIGINT NOT NULL AUTO_INCREMENT, name VARCHAR(255), lastName VARCHAR(255), age TINYINT, PRIMARY KEY (id))
Hibernate: 
    insert 
    into
        users
        (age, lastName, name) 
    values
        (?, ?, ?)
User с именем Ivan добавлен в базу данных
Hibernate: 
    select
        user0_.id as id1_0_,
        user0_.age as age2_0_,
        user0_.lastName as lastname3_0_,
        user0_.name as name4_0_ 
    from
        users user0_
]]></system-out>
  </testcase>
  <testcase name="dropUsersTable" classname="UserServiceTest" time="0.015">
    <system-out><![CDATA[Hibernate: 
    DROP TABLE IF EXISTS users
Hibernate: 
    DROP TABLE IF EXISTS users
]]></system-out>
  </testcase>
  <testcase name="createUsersTable" classname="UserServiceTest" time="0.025">
    <system-out><![CDATA[Hibernate: 
    DROP TABLE IF EXISTS users
Hibernate: 
    CREATE TABLE IF NOT EXISTS users (id BIGINT NOT NULL AUTO_INCREMENT, name VARCHAR(255), lastName VARCHAR(255), age TINYINT, PRIMARY KEY (id))
]]></system-out>
  </testcase>
  <testcase name="cleanUsersTable" classname="UserServiceTest" time="0.041">
    <system-out><![CDATA[Hibernate: 
    DROP TABLE IF EXISTS users
Hibernate: 
    CREATE TABLE IF NOT EXISTS users (id BIGINT NOT NULL AUTO_INCREMENT, name VARCHAR(255), lastName VARCHAR(255), age TINYINT, PRIMARY KEY (id))
Hibernate: 
    insert 
    into
        users
        (age, lastName, name) 
    values
        (?, ?, ?)
User с именем Ivan добавлен в базу данных
Hibernate: 
    delete 
    from
        users
Hibernate: 
    select
        user0_.id as id1_0_,
        user0_.age as age2_0_,
        user0_.lastName as lastname3_0_,
        user0_.name as name4_0_ 
    from
        users user0_
]]></system-out>
  </testcase>
</testsuite>